c:\users\kayly\documents\school\game engines\bonus 2 engines- 100662337\x64\release\bonus 2 engines- 100662337.lib
c:\users\kayly\documents\school\game engines\bonus 2 engines- 100662337\x64\release\bonus 2 engines- 100662337.exp
c:\users\kayly\documents\school\game engines\bonus 2 engines- 100662337\x64\release\bonus 2 engines- 100662337.ipdb
c:\users\kayly\documents\school\game engines\bonus 2 engines- 100662337\x64\release\bonus 2 engines- 100662337.iobj
c:\users\kayly\documents\school\game engines\bonus 2 engines- 100662337\bonus 2 engines- 100662337\x64\release\vc142.pdb
c:\users\kayly\documents\school\game engines\bonus 2 engines- 100662337\bonus 2 engines- 100662337\x64\release\wrapper.obj
c:\users\kayly\documents\school\game engines\bonus 2 engines- 100662337\bonus 2 engines- 100662337\x64\release\main.obj
c:\users\kayly\documents\school\game engines\bonus 2 engines- 100662337\bonus 2 engines- 100662337\x64\release\gameobject.obj
c:\users\kayly\documents\school\game engines\bonus 2 engines- 100662337\x64\release\bonus 2 engines- 100662337.dll
c:\users\kayly\documents\school\game engines\bonus 2 engines- 100662337\x64\release\bonus 2 engines- 100662337.pdb
c:\users\kayly\documents\school\game engines\bonus 2\bonus 2 engines- 100662337\bonus 2 engines- 100662337\x64\release\gameobject.obj
c:\users\kayly\documents\school\game engines\bonus 2\bonus 2 engines- 100662337\bonus 2 engines- 100662337\x64\release\main.obj
c:\users\kayly\documents\school\game engines\bonus 2\bonus 2 engines- 100662337\bonus 2 engines- 100662337\x64\release\wrapper.obj
c:\users\kayly\documents\school\game engines\bonus 2\bonus 2 engines- 100662337\bonus 2 engines- 100662337\x64\release\vc142.pdb
c:\users\kayly\documents\school\game engines\bonus 2\bonus 2 engines- 100662337\x64\release\bonus 2 engines- 100662337.pdb
c:\users\kayly\documents\school\game engines\bonus 2\bonus 2 engines- 100662337\x64\release\bonus 2 engines- 100662337.dll
c:\users\kayly\documents\school\game engines\bonus 2\bonus 2 engines- 100662337\bonus 2 engines- 100662337\x64\release\bonus 2 .6a469006.tlog\bonus 2 engines- 100662337.write.1u.tlog
c:\users\kayly\documents\school\game engines\bonus 2\bonus 2 engines- 100662337\bonus 2 engines- 100662337\x64\release\bonus 2 .6a469006.tlog\cl.command.1.tlog
c:\users\kayly\documents\school\game engines\bonus 2\bonus 2 engines- 100662337\bonus 2 engines- 100662337\x64\release\bonus 2 .6a469006.tlog\cl.read.1.tlog
c:\users\kayly\documents\school\game engines\bonus 2\bonus 2 engines- 100662337\bonus 2 engines- 100662337\x64\release\bonus 2 .6a469006.tlog\cl.write.1.tlog
c:\users\kayly\documents\school\game engines\bonus 2\bonus 2 engines- 100662337\bonus 2 engines- 100662337\x64\release\bonus 2 .6a469006.tlog\link.command.1.tlog
c:\users\kayly\documents\school\game engines\bonus 2\bonus 2 engines- 100662337\bonus 2 engines- 100662337\x64\release\bonus 2 .6a469006.tlog\link.delete.1.tlog
c:\users\kayly\documents\school\game engines\bonus 2\bonus 2 engines- 100662337\bonus 2 engines- 100662337\x64\release\bonus 2 .6a469006.tlog\link.read.1.tlog
c:\users\kayly\documents\school\game engines\bonus 2\bonus 2 engines- 100662337\bonus 2 engines- 100662337\x64\release\bonus 2 .6a469006.tlog\link.write.1.tlog
